[2021-03-08 06:05:13] [CarinaListener.java] [1] [INFO] 
============= Test configuration =============
url=https://www.olx.ua/
env=DEMO
env_arg_resolver=com.qaprosoft.carina.core.foundation.utils.DefaultEnvArgResolver
browser=chrome
browser_language=en_US
selenium_host=http://localhost:4444/wd/hub
max_driver_count=3
proxy_protocols=http,https,ftp
browsermob_port=0
auto_screenshot=true
explicit_timeout=20
retry_interval=5
project_report_directory=./reports
max_screen_history=0
max_log_file_size=150
result_sorting=true
big_screen_width=-1
big_screen_height=-1
init_retry_count=0
init_retry_interval=1
retry_count=0
enable_l10n=true
l10n_encoding=ISO-8859-1
locale=en_US
thread_count=-1
data_provider_thread_count=1
core_log_level=INFO
core_log_packages=com.qaprosoft.carina.core
log_all_json=true
date_format=HH:mm:ss yyyy-MM-dd
time_format=HH:mm:ss
test_naming_pattern={method_name}
element_loading_strategy=BY_PRESENCE_OR_VISIBILITY
page_opening_strategy=BY_URL_AND_ELEMENT
s3_local_storage=.
appcenter_local_storage=.
add_new_localization_encoding=utf-8
add_new_localization_property_name=new_custom_messages_
default_device_timezone=GMT
default_device_time_format=24
default_device_language=en_US
android_screen_record_bitrate=1000000
android_enable_bug_report=true
ios_screen_record_quality=MEDIUM
ios_screen_record_codec=libx264
ios_screen_record_fps=10
screen_record_duration=180
video_scale=-2:720
selenium_host=http://localhost:4444/wd/hub

------------- Driver capabilities -----------
================================================

[2021-03-08 06:05:13] [TestRunRegistrar.java] [1] [WARN] Reporting disabled: using no op test run registrar
[2021-03-08 06:05:15] [Reflections.java] [1] [INFO] Reflections took 1674 ms to scan 9 urls, producing 2352 keys and 11449 values 
[2021-03-08 06:05:15] [CarinaListener.java] [1] [INFO] Set thread_count=1
[2021-03-08 06:05:15] [CarinaListener.java] [1] [INFO] CARINA_CORE_VERSION: 7.0.1
[2021-03-08 06:05:15] [IMessager.java] [1] [INFO]  TEST [Default test - testFacebook] STARTED at [18:05:15 2021-03-08]
[2021-03-08 06:05:15] [AbstractCapabilities.java] [1] [INFO] Set Chrome language to: en_US
[2021-03-08 06:05:18] [IMessager.java] [1] [INFO] INFO: url 'https://www.olx.ua/' is being opened...
[2021-03-08 06:05:27] [DriverListener.java] [1] [INFO] INFO: url 'https://www.olx.ua/' is opened.
[2021-03-08 06:05:52] [ExtendedWebElement.java] [1] [ERROR] FAIL: click - waitCondition for element 'myAccountButton (By.xpath: //*[contains(@id,'https://www.olx.ua/myaccount/')])' not satisfied!
[2021-03-08 06:05:59] [IMessager.java] [1] [ERROR]  TEST [Default test - testFacebook] FAILED at [18:05:59 2021-03-08] - Unable to detect element: myAccountButton (By.xpath: //*[contains(@id,'https://www.olx.ua/myaccount/')])

com.qaprosoft.carina.core.foundation.webdriver.decorator.ExtendedWebElement.doAction(ExtendedWebElement.java:1382)
com.qaprosoft.carina.core.foundation.webdriver.decorator.ExtendedWebElement.doAction(ExtendedWebElement.java:1335)
com.qaprosoft.carina.core.foundation.webdriver.decorator.ExtendedWebElement.click(ExtendedWebElement.java:498)
com.qaprosoft.carina.core.foundation.webdriver.decorator.ExtendedWebElement.click(ExtendedWebElement.java:484)
com.qaprosoft.carina.core.foundation.webdriver.decorator.ExtendedWebElement.click(ExtendedWebElement.java:475)
com.qaprosoft.carina.demo.gui.mypages.MyHomePage.openMyAccount(MyHomePage.java:21)
com.qaprosoft.carina.mydemo.MyLoginTest.testFacebook(MyLoginTest.java:54)
java.base/jdk.internal.reflect.NativeMethodAccessorImpl.invoke0(Native Method)
java.base/jdk.internal.reflect.NativeMethodAccessorImpl.invoke(NativeMethodAccessorImpl.java:64)
java.base/jdk.internal.reflect.DelegatingMethodAccessorImpl.invoke(DelegatingMethodAccessorImpl.java:43)
java.base/java.lang.reflect.Method.invoke(Method.java:564)
org.testng.internal.MethodInvocationHelper.invokeMethod(MethodInvocationHelper.java:132)
org.testng.internal.TestInvoker.invokeMethod(TestInvoker.java:599)
org.testng.internal.TestInvoker.invokeTestMethod(TestInvoker.java:174)
org.testng.internal.MethodRunner.runInSequence(MethodRunner.java:46)
org.testng.internal.TestInvoker$MethodInvocationAgent.invoke(TestInvoker.java:822)
org.testng.internal.TestInvoker.invokeTestMethods(TestInvoker.java:147)
org.testng.internal.TestMethodWorker.invokeTestMethods(TestMethodWorker.java:146)
org.testng.internal.TestMethodWorker.run(TestMethodWorker.java:128)
java.base/java.util.ArrayList.forEach(ArrayList.java:1511)
org.testng.TestRunner.privateRun(TestRunner.java:764)
org.testng.TestRunner.run(TestRunner.java:585)
org.testng.SuiteRunner.runTest(SuiteRunner.java:384)
org.testng.SuiteRunner.runSequentially(SuiteRunner.java:378)
org.testng.SuiteRunner.privateRun(SuiteRunner.java:337)
org.testng.SuiteRunner.run(SuiteRunner.java:286)
org.testng.SuiteRunnerWorker.runSuite(SuiteRunnerWorker.java:53)
org.testng.SuiteRunnerWorker.run(SuiteRunnerWorker.java:96)
org.testng.TestNG.runSuitesSequentially(TestNG.java:1218)
org.testng.TestNG.runSuitesLocally(TestNG.java:1140)
org.testng.TestNG.runSuites(TestNG.java:1069)
org.testng.TestNG.run(TestNG.java:1037)
org.testng.remote.AbstractRemoteTestNG.run(AbstractRemoteTestNG.java:115)
org.testng.remote.RemoteTestNG.initAndRun(RemoteTestNG.java:251)
org.testng.remote.RemoteTestNG.main(RemoteTestNG.java:77)
